<?xml version="1.0" encoding="UTF-8"?>
<!-- Generated by org.testng.reporters.JUnitReportReporter -->
<testsuite hostname="ANIL-PC" name="org.cucumber.tests.OpenMRSTests" tests="1" failures="0" timestamp="11 Jan 2020 13:48:49 GMT" time="14.437" errors="0">
  <testcase name="login" time="14.437" classname="org.cucumber.tests.OpenMRSTests"/>
</testsuite> <!-- org.cucumber.tests.OpenMRSTests -->
